mode: set
bigdata.wu.ac.at/filepermissions/v1/controllers/filepermissions_controller.go:68.107,78.60 7 0
bigdata.wu.ac.at/filepermissions/v1/controllers/filepermissions_controller.go:227.2,227.40 1 0
bigdata.wu.ac.at/filepermissions/v1/controllers/filepermissions_controller.go:78.60,80.3 1 0
bigdata.wu.ac.at/filepermissions/v1/controllers/filepermissions_controller.go:80.8,80.44 1 0
bigdata.wu.ac.at/filepermissions/v1/controllers/filepermissions_controller.go:80.44,95.43 12 0
bigdata.wu.ac.at/filepermissions/v1/controllers/filepermissions_controller.go:95.43,98.49 2 0
bigdata.wu.ac.at/filepermissions/v1/controllers/filepermissions_controller.go:103.4,114.46 5 0
bigdata.wu.ac.at/filepermissions/v1/controllers/filepermissions_controller.go:129.4,173.46 3 0
bigdata.wu.ac.at/filepermissions/v1/controllers/filepermissions_controller.go:98.49,101.5 2 0
bigdata.wu.ac.at/filepermissions/v1/controllers/filepermissions_controller.go:114.46,117.5 2 0
bigdata.wu.ac.at/filepermissions/v1/controllers/filepermissions_controller.go:173.46,176.5 2 0
bigdata.wu.ac.at/filepermissions/v1/controllers/filepermissions_controller.go:178.9,178.39 1 0
bigdata.wu.ac.at/filepermissions/v1/controllers/filepermissions_controller.go:178.39,182.45 2 0
bigdata.wu.ac.at/filepermissions/v1/controllers/filepermissions_controller.go:186.4,186.46 1 0
bigdata.wu.ac.at/filepermissions/v1/controllers/filepermissions_controller.go:191.4,192.134 2 0
bigdata.wu.ac.at/filepermissions/v1/controllers/filepermissions_controller.go:197.4,197.30 1 0
bigdata.wu.ac.at/filepermissions/v1/controllers/filepermissions_controller.go:204.4,204.119 1 0
bigdata.wu.ac.at/filepermissions/v1/controllers/filepermissions_controller.go:208.4,208.49 1 0
bigdata.wu.ac.at/filepermissions/v1/controllers/filepermissions_controller.go:213.4,213.113 1 0
bigdata.wu.ac.at/filepermissions/v1/controllers/filepermissions_controller.go:217.4,217.46 1 0
bigdata.wu.ac.at/filepermissions/v1/controllers/filepermissions_controller.go:222.4,223.29 2 0
bigdata.wu.ac.at/filepermissions/v1/controllers/filepermissions_controller.go:182.45,184.5 1 0
bigdata.wu.ac.at/filepermissions/v1/controllers/filepermissions_controller.go:186.46,189.5 2 0
bigdata.wu.ac.at/filepermissions/v1/controllers/filepermissions_controller.go:192.134,195.5 2 0
bigdata.wu.ac.at/filepermissions/v1/controllers/filepermissions_controller.go:197.30,198.57 1 0
bigdata.wu.ac.at/filepermissions/v1/controllers/filepermissions_controller.go:198.57,201.6 2 0
bigdata.wu.ac.at/filepermissions/v1/controllers/filepermissions_controller.go:204.119,207.5 2 0
bigdata.wu.ac.at/filepermissions/v1/controllers/filepermissions_controller.go:208.49,211.5 2 0
bigdata.wu.ac.at/filepermissions/v1/controllers/filepermissions_controller.go:213.113,216.5 2 0
bigdata.wu.ac.at/filepermissions/v1/controllers/filepermissions_controller.go:217.46,220.5 2 0
bigdata.wu.ac.at/filepermissions/v1/controllers/filepermissions_controller.go:231.78,240.2 1 0
bigdata.wu.ac.at/filepermissions/v1/controllers/helpers.go:3.52,4.29 1 0
bigdata.wu.ac.at/filepermissions/v1/controllers/helpers.go:9.2,9.14 1 0
bigdata.wu.ac.at/filepermissions/v1/controllers/helpers.go:4.29,5.16 1 0
bigdata.wu.ac.at/filepermissions/v1/controllers/helpers.go:5.16,7.4 1 0
bigdata.wu.ac.at/filepermissions/v1/controllers/helpers.go:12.63,13.29 1 0
bigdata.wu.ac.at/filepermissions/v1/controllers/helpers.go:19.2,19.8 1 0
bigdata.wu.ac.at/filepermissions/v1/controllers/helpers.go:13.29,14.16 1 0
bigdata.wu.ac.at/filepermissions/v1/controllers/helpers.go:17.3,17.32 1 0
bigdata.wu.ac.at/filepermissions/v1/controllers/helpers.go:14.16,15.12 1 0
bigdata.wu.ac.at/filepermissions/v1/controllers/volume_controller.go:74.98,85.61 8 0
bigdata.wu.ac.at/filepermissions/v1/controllers/volume_controller.go:89.2,89.56 1 0
bigdata.wu.ac.at/filepermissions/v1/controllers/volume_controller.go:93.2,97.52 2 0
bigdata.wu.ac.at/filepermissions/v1/controllers/volume_controller.go:102.2,102.79 1 0
bigdata.wu.ac.at/filepermissions/v1/controllers/volume_controller.go:144.2,144.27 1 0
bigdata.wu.ac.at/filepermissions/v1/controllers/volume_controller.go:85.61,87.3 1 0
bigdata.wu.ac.at/filepermissions/v1/controllers/volume_controller.go:89.56,91.3 1 0
bigdata.wu.ac.at/filepermissions/v1/controllers/volume_controller.go:97.52,100.3 2 0
bigdata.wu.ac.at/filepermissions/v1/controllers/volume_controller.go:102.79,108.53 2 0
bigdata.wu.ac.at/filepermissions/v1/controllers/volume_controller.go:113.3,113.26 1 0
bigdata.wu.ac.at/filepermissions/v1/controllers/volume_controller.go:131.3,131.38 1 0
bigdata.wu.ac.at/filepermissions/v1/controllers/volume_controller.go:108.53,111.4 2 0
bigdata.wu.ac.at/filepermissions/v1/controllers/volume_controller.go:113.26,124.45 8 0
bigdata.wu.ac.at/filepermissions/v1/controllers/volume_controller.go:124.45,127.5 2 0
bigdata.wu.ac.at/filepermissions/v1/controllers/volume_controller.go:131.38,134.29 2 0
bigdata.wu.ac.at/filepermissions/v1/controllers/volume_controller.go:134.29,135.56 1 0
bigdata.wu.ac.at/filepermissions/v1/controllers/volume_controller.go:135.56,138.6 2 0
bigdata.wu.ac.at/filepermissions/v1/controllers/volume_controller.go:149.69,159.2 1 0
bigdata.wu.ac.at/filepermissions/v1/controllers/volume_controller.go:163.99,172.2 3 0
